The system is: Linux - 6.8.0-65-generic - x86_64
Compiling the CXX compiler identification source file "CMakeCXXCompilerId.cpp" succeeded.
Compiler: /opt/EmbedSky/gcc-linaro-7.4.1-2019.02-x86_64_aarch64-linux-gnu/bin/aarch64-linux-gnu-g++ 
Build flags: 
Id flags:  

The output was:
0


Compilation of the CXX compiler identification source "CMakeCXXCompilerId.cpp" produced "a.out"

The CXX compiler identification is GNU, found in "/home/embedsky/rt-robot/build/CMakeFiles/3.22.1/CompilerIdCXX/a.out"

Detecting CXX compiler ABI info compiled with the following output:
Change Dir: /home/embedsky/rt-robot/build/CMakeFiles/CMakeTmp

Run Build Command(s):/usr/bin/gmake -f Makefile cmTC_3b7cc/fast && /usr/bin/gmake  -f CMakeFiles/cmTC_3b7cc.dir/build.make CMakeFiles/cmTC_3b7cc.dir/build
gmake[1]: Entering directory '/home/embedsky/rt-robot/build/CMakeFiles/CMakeTmp'
Building CXX object CMakeFiles/cmTC_3b7cc.dir/CMakeCXXCompilerABI.cpp.o
/opt/EmbedSky/gcc-linaro-7.4.1-2019.02-x86_64_aarch64-linux-gnu/bin/aarch64-linux-gnu-g++   -v -o CMakeFiles/cmTC_3b7cc.dir/CMakeCXXCompilerABI.cpp.o -c /usr/share/cmake-3.22/Modules/CMakeCXXCompilerABI.cpp
Using built-in specs.
COLLECT_GCC=/opt/EmbedSky/gcc-linaro-7.4.1-2019.02-x86_64_aarch64-linux-gnu/bin/aarch64-linux-gnu-g++
Target: aarch64-linux-gnu
Configured with: '/home/tcwg-buildslave/workspace/tcwg-make-release_1/snapshots/gcc.git~linaro-7.4-2019.02/configure' SHELL=/bin/bash --with-mpc=/home/tcwg-buildslave/workspace/tcwg-make-release_1/_build/builds/destdir/x86_64-unknown-linux-gnu --with-mpfr=/home/tcwg-buildslave/workspace/tcwg-make-release_1/_build/builds/destdir/x86_64-unknown-linux-gnu --with-gmp=/home/tcwg-buildslave/workspace/tcwg-make-release_1/_build/builds/destdir/x86_64-unknown-linux-gnu --with-gnu-as --with-gnu-ld --disable-libmudflap --enable-lto --enable-shared --without-included-gettext --enable-nls --with-system-zlib --disable-sjlj-exceptions --enable-gnu-unique-object --enable-linker-build-id --disable-libstdcxx-pch --enable-c99 --enable-clocale=gnu --enable-libstdcxx-debug --enable-long-long --with-cloog=no --with-ppl=no --with-isl=no --disable-multilib --enable-fix-cortex-a53-835769 --enable-fix-cortex-a53-843419 --with-arch=armv8-a --enable-threads=posix --enable-multiarch --enable-libstdcxx-time=yes --enable-gnu-indirect-function --with-build-sysroot=/home/tcwg-buildslave/workspace/tcwg-make-release_1/_build/sysroots/aarch64-linux-gnu --with-sysroot=/home/tcwg-buildslave/workspace/tcwg-make-release_1/_build/builds/destdir/x86_64-unknown-linux-gnu/aarch64-linux-gnu/libc --enable-checking=release --disable-bootstrap --enable-languages=c,c++,fortran,lto --build=x86_64-unknown-linux-gnu --host=x86_64-unknown-linux-gnu --target=aarch64-linux-gnu --prefix=/home/tcwg-buildslave/workspace/tcwg-make-release_1/_build/builds/destdir/x86_64-unknown-linux-gnu
Thread model: posix
gcc version 7.4.1 20181213 [linaro-7.4-2019.02 revision 56ec6f6b99cc167ff0c2f8e1a2eed33b1edc85d4] (Linaro GCC 7.4-2019.02) 
COLLECT_GCC_OPTIONS='-v' '-o' 'CMakeFiles/cmTC_3b7cc.dir/CMakeCXXCompilerABI.cpp.o' '-c' '-shared-libgcc' '-march=armv8-a' '-mlittle-endian' '-mabi=lp64'
 /opt/EmbedSky/gcc-linaro-7.4.1-2019.02-x86_64_aarch64-linux-gnu/bin/../libexec/gcc/aarch64-linux-gnu/7.4.1/cc1plus -quiet -v -imultiarch aarch64-linux-gnu -iprefix /opt/EmbedSky/gcc-linaro-7.4.1-2019.02-x86_64_aarch64-linux-gnu/bin/../lib/gcc/aarch64-linux-gnu/7.4.1/ -isysroot /opt/EmbedSky/gcc-linaro-7.4.1-2019.02-x86_64_aarch64-linux-gnu/bin/../aarch64-linux-gnu/libc -D_GNU_SOURCE /usr/share/cmake-3.22/Modules/CMakeCXXCompilerABI.cpp -quiet -dumpbase CMakeCXXCompilerABI.cpp -march=armv8-a -mlittle-endian -mabi=lp64 -auxbase-strip CMakeFiles/cmTC_3b7cc.dir/CMakeCXXCompilerABI.cpp.o -version -o /tmp/cc634X2T.s
GNU C++14 (Linaro GCC 7.4-2019.02) version 7.4.1 20181213 [linaro-7.4-2019.02 revision 56ec6f6b99cc167ff0c2f8e1a2eed33b1edc85d4] (aarch64-linux-gnu)
	compiled by GNU C version 4.8.4, GMP version 6.1.2, MPFR version 3.1.5, MPC version 1.0.3, isl version none
GGC heuristics: --param ggc-min-expand=100 --param ggc-min-heapsize=131072
ignoring duplicate directory "/opt/EmbedSky/gcc-linaro-7.4.1-2019.02-x86_64_aarch64-linux-gnu/bin/../lib/gcc/../../lib/gcc/aarch64-linux-gnu/7.4.1/../../../../aarch64-linux-gnu/include/c++/7.4.1"
ignoring duplicate directory "/opt/EmbedSky/gcc-linaro-7.4.1-2019.02-x86_64_aarch64-linux-gnu/bin/../lib/gcc/../../lib/gcc/aarch64-linux-gnu/7.4.1/../../../../aarch64-linux-gnu/include/c++/7.4.1/aarch64-linux-gnu"
ignoring duplicate directory "/opt/EmbedSky/gcc-linaro-7.4.1-2019.02-x86_64_aarch64-linux-gnu/bin/../lib/gcc/../../lib/gcc/aarch64-linux-gnu/7.4.1/../../../../aarch64-linux-gnu/include/c++/7.4.1/backward"
ignoring duplicate directory "/opt/EmbedSky/gcc-linaro-7.4.1-2019.02-x86_64_aarch64-linux-gnu/bin/../lib/gcc/../../lib/gcc/aarch64-linux-gnu/7.4.1/include"
ignoring nonexistent directory "/opt/EmbedSky/gcc-linaro-7.4.1-2019.02-x86_64_aarch64-linux-gnu/bin/../aarch64-linux-gnu/libc/usr/local/include/aarch64-linux-gnu"
ignoring nonexistent directory "/opt/EmbedSky/gcc-linaro-7.4.1-2019.02-x86_64_aarch64-linux-gnu/bin/../aarch64-linux-gnu/libc/usr/local/include"
ignoring duplicate directory "/opt/EmbedSky/gcc-linaro-7.4.1-2019.02-x86_64_aarch64-linux-gnu/bin/../lib/gcc/../../lib/gcc/aarch64-linux-gnu/7.4.1/include-fixed"
ignoring duplicate directory "/opt/EmbedSky/gcc-linaro-7.4.1-2019.02-x86_64_aarch64-linux-gnu/bin/../lib/gcc/../../lib/gcc/aarch64-linux-gnu/7.4.1/../../../../aarch64-linux-gnu/include"
ignoring nonexistent directory "/opt/EmbedSky/gcc-linaro-7.4.1-2019.02-x86_64_aarch64-linux-gnu/bin/../aarch64-linux-gnu/libc/usr/include/aarch64-linux-gnu"
#include "..." search starts here:
#include <...> search starts here:
 /opt/EmbedSky/gcc-linaro-7.4.1-2019.02-x86_64_aarch64-linux-gnu/bin/../lib/gcc/aarch64-linux-gnu/7.4.1/../../../../aarch64-linux-gnu/include/c++/7.4.1
 /opt/EmbedSky/gcc-linaro-7.4.1-2019.02-x86_64_aarch64-linux-gnu/bin/../lib/gcc/aarch64-linux-gnu/7.4.1/../../../../aarch64-linux-gnu/include/c++/7.4.1/aarch64-linux-gnu
 /opt/EmbedSky/gcc-linaro-7.4.1-2019.02-x86_64_aarch64-linux-gnu/bin/../lib/gcc/aarch64-linux-gnu/7.4.1/../../../../aarch64-linux-gnu/include/c++/7.4.1/backward
 /opt/EmbedSky/gcc-linaro-7.4.1-2019.02-x86_64_aarch64-linux-gnu/bin/../lib/gcc/aarch64-linux-gnu/7.4.1/include
 /opt/EmbedSky/gcc-linaro-7.4.1-2019.02-x86_64_aarch64-linux-gnu/bin/../lib/gcc/aarch64-linux-gnu/7.4.1/include-fixed
 /opt/EmbedSky/gcc-linaro-7.4.1-2019.02-x86_64_aarch64-linux-gnu/bin/../lib/gcc/aarch64-linux-gnu/7.4.1/../../../../aarch64-linux-gnu/include
 /opt/EmbedSky/gcc-linaro-7.4.1-2019.02-x86_64_aarch64-linux-gnu/bin/../aarch64-linux-gnu/libc/usr/include
End of search list.
GNU C++14 (Linaro GCC 7.4-2019.02) version 7.4.1 20181213 [linaro-7.4-2019.02 revision 56ec6f6b99cc167ff0c2f8e1a2eed33b1edc85d4] (aarch64-linux-gnu)
	compiled by GNU C version 4.8.4, GMP version 6.1.2, MPFR version 3.1.5, MPC version 1.0.3, isl version none
GGC heuristics: --param ggc-min-expand=100 --param ggc-min-heapsize=131072
Compiler executable checksum: 5bc4618e0c2d849baa077d33db030361
COLLECT_GCC_OPTIONS='-v' '-o' 'CMakeFiles/cmTC_3b7cc.dir/CMakeCXXCompilerABI.cpp.o' '-c' '-shared-libgcc' '-march=armv8-a' '-mlittle-endian' '-mabi=lp64'
 /opt/EmbedSky/gcc-linaro-7.4.1-2019.02-x86_64_aarch64-linux-gnu/bin/../lib/gcc/aarch64-linux-gnu/7.4.1/../../../../aarch64-linux-gnu/bin/as -v -EL -march=armv8-a -mabi=lp64 -o CMakeFiles/cmTC_3b7cc.dir/CMakeCXXCompilerABI.cpp.o /tmp/cc634X2T.s
GNU assembler version 2.28.2 (aarch64-linux-gnu) using BFD version (Linaro_Binutils-2019.02) 2.28.2.20170706
COMPILER_PATH=/opt/EmbedSky/gcc-linaro-7.4.1-2019.02-x86_64_aarch64-linux-gnu/bin/../libexec/gcc/aarch64-linux-gnu/7.4.1/:/opt/EmbedSky/gcc-linaro-7.4.1-2019.02-x86_64_aarch64-linux-gnu/bin/../libexec/gcc/aarch64-linux-gnu/:/opt/EmbedSky/gcc-linaro-7.4.1-2019.02-x86_64_aarch64-linux-gnu/bin/../libexec/gcc/:/opt/EmbedSky/gcc-linaro-7.4.1-2019.02-x86_64_aarch64-linux-gnu/bin/../lib/gcc/aarch64-linux-gnu/7.4.1/../../../../aarch64-linux-gnu/bin/
LIBRARY_PATH=/opt/EmbedSky/gcc-linaro-7.4.1-2019.02-x86_64_aarch64-linux-gnu/bin/../lib/gcc/aarch64-linux-gnu/7.4.1/:/opt/EmbedSky/gcc-linaro-7.4.1-2019.02-x86_64_aarch64-linux-gnu/bin/../lib/gcc/aarch64-linux-gnu/:/opt/EmbedSky/gcc-linaro-7.4.1-2019.02-x86_64_aarch64-linux-gnu/bin/../lib/gcc/:/opt/EmbedSky/gcc-linaro-7.4.1-2019.02-x86_64_aarch64-linux-gnu/bin/../lib/gcc/aarch64-linux-gnu/7.4.1/../../../../aarch64-linux-gnu/lib/../lib64/:/opt/EmbedSky/gcc-linaro-7.4.1-2019.02-x86_64_aarch64-linux-gnu/bin/../lib/gcc/aarch64-linux-gnu/7.4.1/../../../../aarch64-linux-gnu/lib/:/opt/EmbedSky/gcc-linaro-7.4.1-2019.02-x86_64_aarch64-linux-gnu/bin/../aarch64-linux-gnu/libc/lib/:/opt/EmbedSky/gcc-linaro-7.4.1-2019.02-x86_64_aarch64-linux-gnu/bin/../aarch64-linux-gnu/libc/usr/lib/
COLLECT_GCC_OPTIONS='-v' '-o' 'CMakeFiles/cmTC_3b7cc.dir/CMakeCXXCompilerABI.cpp.o' '-c' '-shared-libgcc' '-march=armv8-a' '-mlittle-endian' '-mabi=lp64'
Linking CXX executable cmTC_3b7cc
/usr/bin/cmake -E cmake_link_script CMakeFiles/cmTC_3b7cc.dir/link.txt --verbose=1
/opt/EmbedSky/gcc-linaro-7.4.1-2019.02-x86_64_aarch64-linux-gnu/bin/aarch64-linux-gnu-g++  -v CMakeFiles/cmTC_3b7cc.dir/CMakeCXXCompilerABI.cpp.o -o cmTC_3b7cc 
Using built-in specs.
COLLECT_GCC=/opt/EmbedSky/gcc-linaro-7.4.1-2019.02-x86_64_aarch64-linux-gnu/bin/aarch64-linux-gnu-g++
COLLECT_LTO_WRAPPER=/opt/EmbedSky/gcc-linaro-7.4.1-2019.02-x86_64_aarch64-linux-gnu/bin/../libexec/gcc/aarch64-linux-gnu/7.4.1/lto-wrapper
Target: aarch64-linux-gnu
Configured with: '/home/tcwg-buildslave/workspace/tcwg-make-release_1/snapshots/gcc.git~linaro-7.4-2019.02/configure' SHELL=/bin/bash --with-mpc=/home/tcwg-buildslave/workspace/tcwg-make-release_1/_build/builds/destdir/x86_64-unknown-linux-gnu --with-mpfr=/home/tcwg-buildslave/workspace/tcwg-make-release_1/_build/builds/destdir/x86_64-unknown-linux-gnu --with-gmp=/home/tcwg-buildslave/workspace/tcwg-make-release_1/_build/builds/destdir/x86_64-unknown-linux-gnu --with-gnu-as --with-gnu-ld --disable-libmudflap --enable-lto --enable-shared --without-included-gettext --enable-nls --with-system-zlib --disable-sjlj-exceptions --enable-gnu-unique-object --enable-linker-build-id --disable-libstdcxx-pch --enable-c99 --enable-clocale=gnu --enable-libstdcxx-debug --enable-long-long --with-cloog=no --with-ppl=no --with-isl=no --disable-multilib --enable-fix-cortex-a53-835769 --enable-fix-cortex-a53-843419 --with-arch=armv8-a --enable-threads=posix --enable-multiarch --enable-libstdcxx-time=yes --enable-gnu-indirect-function --with-build-sysroot=/home/tcwg-buildslave/workspace/tcwg-make-release_1/_build/sysroots/aarch64-linux-gnu --with-sysroot=/home/tcwg-buildslave/workspace/tcwg-make-release_1/_build/builds/destdir/x86_64-unknown-linux-gnu/aarch64-linux-gnu/libc --enable-checking=release --disable-bootstrap --enable-languages=c,c++,fortran,lto --build=x86_64-unknown-linux-gnu --host=x86_64-unknown-linux-gnu --target=aarch64-linux-gnu --prefix=/home/tcwg-buildslave/workspace/tcwg-make-release_1/_build/builds/destdir/x86_64-unknown-linux-gnu
Thread model: posix
gcc version 7.4.1 20181213 [linaro-7.4-2019.02 revision 56ec6f6b99cc167ff0c2f8e1a2eed33b1edc85d4] (Linaro GCC 7.4-2019.02) 
COMPILER_PATH=/opt/EmbedSky/gcc-linaro-7.4.1-2019.02-x86_64_aarch64-linux-gnu/bin/../libexec/gcc/aarch64-linux-gnu/7.4.1/:/opt/EmbedSky/gcc-linaro-7.4.1-2019.02-x86_64_aarch64-linux-gnu/bin/../libexec/gcc/aarch64-linux-gnu/:/opt/EmbedSky/gcc-linaro-7.4.1-2019.02-x86_64_aarch64-linux-gnu/bin/../libexec/gcc/:/opt/EmbedSky/gcc-linaro-7.4.1-2019.02-x86_64_aarch64-linux-gnu/bin/../lib/gcc/aarch64-linux-gnu/7.4.1/../../../../aarch64-linux-gnu/bin/
LIBRARY_PATH=/opt/EmbedSky/gcc-linaro-7.4.1-2019.02-x86_64_aarch64-linux-gnu/bin/../lib/gcc/aarch64-linux-gnu/7.4.1/:/opt/EmbedSky/gcc-linaro-7.4.1-2019.02-x86_64_aarch64-linux-gnu/bin/../lib/gcc/aarch64-linux-gnu/:/opt/EmbedSky/gcc-linaro-7.4.1-2019.02-x86_64_aarch64-linux-gnu/bin/../lib/gcc/:/opt/EmbedSky/gcc-linaro-7.4.1-2019.02-x86_64_aarch64-linux-gnu/bin/../lib/gcc/aarch64-linux-gnu/7.4.1/../../../../aarch64-linux-gnu/lib/../lib64/:/opt/EmbedSky/gcc-linaro-7.4.1-2019.02-x86_64_aarch64-linux-gnu/bin/../lib/gcc/aarch64-linux-gnu/7.4.1/../../../../aarch64-linux-gnu/lib/:/opt/EmbedSky/gcc-linaro-7.4.1-2019.02-x86_64_aarch64-linux-gnu/bin/../aarch64-linux-gnu/libc/lib/:/opt/EmbedSky/gcc-linaro-7.4.1-2019.02-x86_64_aarch64-linux-gnu/bin/../aarch64-linux-gnu/libc/usr/lib/
COLLECT_GCC_OPTIONS='-v' '-o' 'cmTC_3b7cc' '-shared-libgcc' '-march=armv8-a' '-mlittle-endian' '-mabi=lp64'
 /opt/EmbedSky/gcc-linaro-7.4.1-2019.02-x86_64_aarch64-linux-gnu/bin/../libexec/gcc/aarch64-linux-gnu/7.4.1/collect2 -plugin /opt/EmbedSky/gcc-linaro-7.4.1-2019.02-x86_64_aarch64-linux-gnu/bin/../libexec/gcc/aarch64-linux-gnu/7.4.1/liblto_plugin.so -plugin-opt=/opt/EmbedSky/gcc-linaro-7.4.1-2019.02-x86_64_aarch64-linux-gnu/bin/../libexec/gcc/aarch64-linux-gnu/7.4.1/lto-wrapper -plugin-opt=-fresolution=/tmp/ccos5C3z.res -plugin-opt=-pass-through=-lgcc_s -plugin-opt=-pass-through=-lgcc -plugin-opt=-pass-through=-lc -plugin-opt=-pass-through=-lgcc_s -plugin-opt=-pass-through=-lgcc --sysroot=/opt/EmbedSky/gcc-linaro-7.4.1-2019.02-x86_64_aarch64-linux-gnu/bin/../aarch64-linux-gnu/libc --build-id --eh-frame-hdr -dynamic-linker /lib/ld-linux-aarch64.so.1 -X -EL -maarch64linux --fix-cortex-a53-835769 --fix-cortex-a53-843419 -o cmTC_3b7cc /opt/EmbedSky/gcc-linaro-7.4.1-2019.02-x86_64_aarch64-linux-gnu/bin/../aarch64-linux-gnu/libc/usr/lib/crt1.o /opt/EmbedSky/gcc-linaro-7.4.1-2019.02-x86_64_aarch64-linux-gnu/bin/../aarch64-linux-gnu/libc/usr/lib/crti.o /opt/EmbedSky/gcc-linaro-7.4.1-2019.02-x86_64_aarch64-linux-gnu/bin/../lib/gcc/aarch64-linux-gnu/7.4.1/crtbegin.o -L/opt/EmbedSky/gcc-linaro-7.4.1-2019.02-x86_64_aarch64-linux-gnu/bin/../lib/gcc/aarch64-linux-gnu/7.4.1 -L/opt/EmbedSky/gcc-linaro-7.4.1-2019.02-x86_64_aarch64-linux-gnu/bin/../lib/gcc/aarch64-linux-gnu -L/opt/EmbedSky/gcc-linaro-7.4.1-2019.02-x86_64_aarch64-linux-gnu/bin/../lib/gcc -L/opt/EmbedSky/gcc-linaro-7.4.1-2019.02-x86_64_aarch64-linux-gnu/bin/../lib/gcc/aarch64-linux-gnu/7.4.1/../../../../aarch64-linux-gnu/lib/../lib64 -L/opt/EmbedSky/gcc-linaro-7.4.1-2019.02-x86_64_aarch64-linux-gnu/bin/../lib/gcc/aarch64-linux-gnu/7.4.1/../../../../aarch64-linux-gnu/lib -L/opt/EmbedSky/gcc-linaro-7.4.1-2019.02-x86_64_aarch64-linux-gnu/bin/../aarch64-linux-gnu/libc/lib -L/opt/EmbedSky/gcc-linaro-7.4.1-2019.02-x86_64_aarch64-linux-gnu/bin/../aarch64-linux-gnu/libc/usr/lib CMakeFiles/cmTC_3b7cc.dir/CMakeCXXCompilerABI.cpp.o -lstdc++ -lm -lgcc_s -lgcc -lc -lgcc_s -lgcc /opt/EmbedSky/gcc-linaro-7.4.1-2019.02-x86_64_aarch64-linux-gnu/bin/../lib/gcc/aarch64-linux-gnu/7.4.1/crtend.o /opt/EmbedSky/gcc-linaro-7.4.1-2019.02-x86_64_aarch64-linux-gnu/bin/../aarch64-linux-gnu/libc/usr/lib/crtn.o
COLLECT_GCC_OPTIONS='-v' '-o' 'cmTC_3b7cc' '-shared-libgcc' '-march=armv8-a' '-mlittle-endian' '-mabi=lp64'
gmake[1]: Leaving directory '/home/embedsky/rt-robot/build/CMakeFiles/CMakeTmp'



Parsed CXX implicit include dir info from above output: rv=done
  found start of include info
  found start of implicit include info
    add: [/opt/EmbedSky/gcc-linaro-7.4.1-2019.02-x86_64_aarch64-linux-gnu/bin/../lib/gcc/aarch64-linux-gnu/7.4.1/../../../../aarch64-linux-gnu/include/c++/7.4.1]
    add: [/opt/EmbedSky/gcc-linaro-7.4.1-2019.02-x86_64_aarch64-linux-gnu/bin/../lib/gcc/aarch64-linux-gnu/7.4.1/../../../../aarch64-linux-gnu/include/c++/7.4.1/aarch64-linux-gnu]
    add: [/opt/EmbedSky/gcc-linaro-7.4.1-2019.02-x86_64_aarch64-linux-gnu/bin/../lib/gcc/aarch64-linux-gnu/7.4.1/../../../../aarch64-linux-gnu/include/c++/7.4.1/backward]
    add: [/opt/EmbedSky/gcc-linaro-7.4.1-2019.02-x86_64_aarch64-linux-gnu/bin/../lib/gcc/aarch64-linux-gnu/7.4.1/include]
    add: [/opt/EmbedSky/gcc-linaro-7.4.1-2019.02-x86_64_aarch64-linux-gnu/bin/../lib/gcc/aarch64-linux-gnu/7.4.1/include-fixed]
    add: [/opt/EmbedSky/gcc-linaro-7.4.1-2019.02-x86_64_aarch64-linux-gnu/bin/../lib/gcc/aarch64-linux-gnu/7.4.1/../../../../aarch64-linux-gnu/include]
    add: [/opt/EmbedSky/gcc-linaro-7.4.1-2019.02-x86_64_aarch64-linux-gnu/bin/../aarch64-linux-gnu/libc/usr/include]
  end of search list found
  collapse include dir [/opt/EmbedSky/gcc-linaro-7.4.1-2019.02-x86_64_aarch64-linux-gnu/bin/../lib/gcc/aarch64-linux-gnu/7.4.1/../../../../aarch64-linux-gnu/include/c++/7.4.1] ==> [/opt/EmbedSky/gcc-linaro-7.4.1-2019.02-x86_64_aarch64-linux-gnu/aarch64-linux-gnu/include/c++/7.4.1]
  collapse include dir [/opt/EmbedSky/gcc-linaro-7.4.1-2019.02-x86_64_aarch64-linux-gnu/bin/../lib/gcc/aarch64-linux-gnu/7.4.1/../../../../aarch64-linux-gnu/include/c++/7.4.1/aarch64-linux-gnu] ==> [/opt/EmbedSky/gcc-linaro-7.4.1-2019.02-x86_64_aarch64-linux-gnu/aarch64-linux-gnu/include/c++/7.4.1/aarch64-linux-gnu]
  collapse include dir [/opt/EmbedSky/gcc-linaro-7.4.1-2019.02-x86_64_aarch64-linux-gnu/bin/../lib/gcc/aarch64-linux-gnu/7.4.1/../../../../aarch64-linux-gnu/include/c++/7.4.1/backward] ==> [/opt/EmbedSky/gcc-linaro-7.4.1-2019.02-x86_64_aarch64-linux-gnu/aarch64-linux-gnu/include/c++/7.4.1/backward]
  collapse include dir [/opt/EmbedSky/gcc-linaro-7.4.1-2019.02-x86_64_aarch64-linux-gnu/bin/../lib/gcc/aarch64-linux-gnu/7.4.1/include] ==> [/opt/EmbedSky/gcc-linaro-7.4.1-2019.02-x86_64_aarch64-linux-gnu/lib/gcc/aarch64-linux-gnu/7.4.1/include]
  collapse include dir [/opt/EmbedSky/gcc-linaro-7.4.1-2019.02-x86_64_aarch64-linux-gnu/bin/../lib/gcc/aarch64-linux-gnu/7.4.1/include-fixed] ==> [/opt/EmbedSky/gcc-linaro-7.4.1-2019.02-x86_64_aarch64-linux-gnu/lib/gcc/aarch64-linux-gnu/7.4.1/include-fixed]
  collapse include dir [/opt/EmbedSky/gcc-linaro-7.4.1-2019.02-x86_64_aarch64-linux-gnu/bin/../lib/gcc/aarch64-linux-gnu/7.4.1/../../../../aarch64-linux-gnu/include] ==> [/opt/EmbedSky/gcc-linaro-7.4.1-2019.02-x86_64_aarch64-linux-gnu/aarch64-linux-gnu/include]
  collapse include dir [/opt/EmbedSky/gcc-linaro-7.4.1-2019.02-x86_64_aarch64-linux-gnu/bin/../aarch64-linux-gnu/libc/usr/include] ==> [/opt/EmbedSky/gcc-linaro-7.4.1-2019.02-x86_64_aarch64-linux-gnu/aarch64-linux-gnu/libc/usr/include]
  implicit include dirs: [/opt/EmbedSky/gcc-linaro-7.4.1-2019.02-x86_64_aarch64-linux-gnu/aarch64-linux-gnu/include/c++/7.4.1;/opt/EmbedSky/gcc-linaro-7.4.1-2019.02-x86_64_aarch64-linux-gnu/aarch64-linux-gnu/include/c++/7.4.1/aarch64-linux-gnu;/opt/EmbedSky/gcc-linaro-7.4.1-2019.02-x86_64_aarch64-linux-gnu/aarch64-linux-gnu/include/c++/7.4.1/backward;/opt/EmbedSky/gcc-linaro-7.4.1-2019.02-x86_64_aarch64-linux-gnu/lib/gcc/aarch64-linux-gnu/7.4.1/include;/opt/EmbedSky/gcc-linaro-7.4.1-2019.02-x86_64_aarch64-linux-gnu/lib/gcc/aarch64-linux-gnu/7.4.1/include-fixed;/opt/EmbedSky/gcc-linaro-7.4.1-2019.02-x86_64_aarch64-linux-gnu/aarch64-linux-gnu/include;/opt/EmbedSky/gcc-linaro-7.4.1-2019.02-x86_64_aarch64-linux-gnu/aarch64-linux-gnu/libc/usr/include]


Parsed CXX implicit link information from above output:
  link line regex: [^( *|.*[/\])(aarch64-linux-gnu-ld|CMAKE_LINK_STARTFILE-NOTFOUND|([^/\]+-)?ld|collect2)[^/\]*( |$)]
  ignore line: [Change Dir: /home/embedsky/rt-robot/build/CMakeFiles/CMakeTmp]
  ignore line: []
  ignore line: [Run Build Command(s):/usr/bin/gmake -f Makefile cmTC_3b7cc/fast && /usr/bin/gmake  -f CMakeFiles/cmTC_3b7cc.dir/build.make CMakeFiles/cmTC_3b7cc.dir/build]
  ignore line: [gmake[1]: Entering directory '/home/embedsky/rt-robot/build/CMakeFiles/CMakeTmp']
  ignore line: [Building CXX object CMakeFiles/cmTC_3b7cc.dir/CMakeCXXCompilerABI.cpp.o]
  ignore line: [/opt/EmbedSky/gcc-linaro-7.4.1-2019.02-x86_64_aarch64-linux-gnu/bin/aarch64-linux-gnu-g++   -v -o CMakeFiles/cmTC_3b7cc.dir/CMakeCXXCompilerABI.cpp.o -c /usr/share/cmake-3.22/Modules/CMakeCXXCompilerABI.cpp]
  ignore line: [Using built-in specs.]
  ignore line: [COLLECT_GCC=/opt/EmbedSky/gcc-linaro-7.4.1-2019.02-x86_64_aarch64-linux-gnu/bin/aarch64-linux-gnu-g++]
  ignore line: [Target: aarch64-linux-gnu]
  ignore line: [Configured with: '/home/tcwg-buildslave/workspace/tcwg-make-release_1/snapshots/gcc.git~linaro-7.4-2019.02/configure' SHELL=/bin/bash --with-mpc=/home/tcwg-buildslave/workspace/tcwg-make-release_1/_build/builds/destdir/x86_64-unknown-linux-gnu --with-mpfr=/home/tcwg-buildslave/workspace/tcwg-make-release_1/_build/builds/destdir/x86_64-unknown-linux-gnu --with-gmp=/home/tcwg-buildslave/workspace/tcwg-make-release_1/_build/builds/destdir/x86_64-unknown-linux-gnu --with-gnu-as --with-gnu-ld --disable-libmudflap --enable-lto --enable-shared --without-included-gettext --enable-nls --with-system-zlib --disable-sjlj-exceptions --enable-gnu-unique-object --enable-linker-build-id --disable-libstdcxx-pch --enable-c99 --enable-clocale=gnu --enable-libstdcxx-debug --enable-long-long --with-cloog=no --with-ppl=no --with-isl=no --disable-multilib --enable-fix-cortex-a53-835769 --enable-fix-cortex-a53-843419 --with-arch=armv8-a --enable-threads=posix --enable-multiarch --enable-libstdcxx-time=yes --enable-gnu-indirect-function --with-build-sysroot=/home/tcwg-buildslave/workspace/tcwg-make-release_1/_build/sysroots/aarch64-linux-gnu --with-sysroot=/home/tcwg-buildslave/workspace/tcwg-make-release_1/_build/builds/destdir/x86_64-unknown-linux-gnu/aarch64-linux-gnu/libc --enable-checking=release --disable-bootstrap --enable-languages=c,c++,fortran,lto --build=x86_64-unknown-linux-gnu --host=x86_64-unknown-linux-gnu --target=aarch64-linux-gnu --prefix=/home/tcwg-buildslave/workspace/tcwg-make-release_1/_build/builds/destdir/x86_64-unknown-linux-gnu]
  ignore line: [Thread model: posix]
  ignore line: [gcc version 7.4.1 20181213 [linaro-7.4-2019.02 revision 56ec6f6b99cc167ff0c2f8e1a2eed33b1edc85d4] (Linaro GCC 7.4-2019.02) ]
  ignore line: [COLLECT_GCC_OPTIONS='-v' '-o' 'CMakeFiles/cmTC_3b7cc.dir/CMakeCXXCompilerABI.cpp.o' '-c' '-shared-libgcc' '-march=armv8-a' '-mlittle-endian' '-mabi=lp64']
  ignore line: [ /opt/EmbedSky/gcc-linaro-7.4.1-2019.02-x86_64_aarch64-linux-gnu/bin/../libexec/gcc/aarch64-linux-gnu/7.4.1/cc1plus -quiet -v -imultiarch aarch64-linux-gnu -iprefix /opt/EmbedSky/gcc-linaro-7.4.1-2019.02-x86_64_aarch64-linux-gnu/bin/../lib/gcc/aarch64-linux-gnu/7.4.1/ -isysroot /opt/EmbedSky/gcc-linaro-7.4.1-2019.02-x86_64_aarch64-linux-gnu/bin/../aarch64-linux-gnu/libc -D_GNU_SOURCE /usr/share/cmake-3.22/Modules/CMakeCXXCompilerABI.cpp -quiet -dumpbase CMakeCXXCompilerABI.cpp -march=armv8-a -mlittle-endian -mabi=lp64 -auxbase-strip CMakeFiles/cmTC_3b7cc.dir/CMakeCXXCompilerABI.cpp.o -version -o /tmp/cc634X2T.s]
  ignore line: [GNU C++14 (Linaro GCC 7.4-2019.02) version 7.4.1 20181213 [linaro-7.4-2019.02 revision 56ec6f6b99cc167ff0c2f8e1a2eed33b1edc85d4] (aarch64-linux-gnu)]
  ignore line: [	compiled by GNU C version 4.8.4  GMP version 6.1.2  MPFR version 3.1.5  MPC version 1.0.3  isl version none]
  ignore line: [GGC heuristics: --param ggc-min-expand=100 --param ggc-min-heapsize=131072]
  ignore line: [ignoring duplicate directory "/opt/EmbedSky/gcc-linaro-7.4.1-2019.02-x86_64_aarch64-linux-gnu/bin/../lib/gcc/../../lib/gcc/aarch64-linux-gnu/7.4.1/../../../../aarch64-linux-gnu/include/c++/7.4.1"]
  ignore line: [ignoring duplicate directory "/opt/EmbedSky/gcc-linaro-7.4.1-2019.02-x86_64_aarch64-linux-gnu/bin/../lib/gcc/../../lib/gcc/aarch64-linux-gnu/7.4.1/../../../../aarch64-linux-gnu/include/c++/7.4.1/aarch64-linux-gnu"]
  ignore line: [ignoring duplicate directory "/opt/EmbedSky/gcc-linaro-7.4.1-2019.02-x86_64_aarch64-linux-gnu/bin/../lib/gcc/../../lib/gcc/aarch64-linux-gnu/7.4.1/../../../../aarch64-linux-gnu/include/c++/7.4.1/backward"]
  ignore line: [ignoring duplicate directory "/opt/EmbedSky/gcc-linaro-7.4.1-2019.02-x86_64_aarch64-linux-gnu/bin/../lib/gcc/../../lib/gcc/aarch64-linux-gnu/7.4.1/include"]
  ignore line: [ignoring nonexistent directory "/opt/EmbedSky/gcc-linaro-7.4.1-2019.02-x86_64_aarch64-linux-gnu/bin/../aarch64-linux-gnu/libc/usr/local/include/aarch64-linux-gnu"]
  ignore line: [ignoring nonexistent directory "/opt/EmbedSky/gcc-linaro-7.4.1-2019.02-x86_64_aarch64-linux-gnu/bin/../aarch64-linux-gnu/libc/usr/local/include"]
  ignore line: [ignoring duplicate directory "/opt/EmbedSky/gcc-linaro-7.4.1-2019.02-x86_64_aarch64-linux-gnu/bin/../lib/gcc/../../lib/gcc/aarch64-linux-gnu/7.4.1/include-fixed"]
  ignore line: [ignoring duplicate directory "/opt/EmbedSky/gcc-linaro-7.4.1-2019.02-x86_64_aarch64-linux-gnu/bin/../lib/gcc/../../lib/gcc/aarch64-linux-gnu/7.4.1/../../../../aarch64-linux-gnu/include"]
  ignore line: [ignoring nonexistent directory "/opt/EmbedSky/gcc-linaro-7.4.1-2019.02-x86_64_aarch64-linux-gnu/bin/../aarch64-linux-gnu/libc/usr/include/aarch64-linux-gnu"]
  ignore line: [#include "..." search starts here:]
  ignore line: [#include <...> search starts here:]
  ignore line: [ /opt/EmbedSky/gcc-linaro-7.4.1-2019.02-x86_64_aarch64-linux-gnu/bin/../lib/gcc/aarch64-linux-gnu/7.4.1/../../../../aarch64-linux-gnu/include/c++/7.4.1]
  ignore line: [ /opt/EmbedSky/gcc-linaro-7.4.1-2019.02-x86_64_aarch64-linux-gnu/bin/../lib/gcc/aarch64-linux-gnu/7.4.1/../../../../aarch64-linux-gnu/include/c++/7.4.1/aarch64-linux-gnu]
  ignore line: [ /opt/EmbedSky/gcc-linaro-7.4.1-2019.02-x86_64_aarch64-linux-gnu/bin/../lib/gcc/aarch64-linux-gnu/7.4.1/../../../../aarch64-linux-gnu/include/c++/7.4.1/backward]
  ignore line: [ /opt/EmbedSky/gcc-linaro-7.4.1-2019.02-x86_64_aarch64-linux-gnu/bin/../lib/gcc/aarch64-linux-gnu/7.4.1/include]
  ignore line: [ /opt/EmbedSky/gcc-linaro-7.4.1-2019.02-x86_64_aarch64-linux-gnu/bin/../lib/gcc/aarch64-linux-gnu/7.4.1/include-fixed]
  ignore line: [ /opt/EmbedSky/gcc-linaro-7.4.1-2019.02-x86_64_aarch64-linux-gnu/bin/../lib/gcc/aarch64-linux-gnu/7.4.1/../../../../aarch64-linux-gnu/include]
  ignore line: [ /opt/EmbedSky/gcc-linaro-7.4.1-2019.02-x86_64_aarch64-linux-gnu/bin/../aarch64-linux-gnu/libc/usr/include]
  ignore line: [End of search list.]
  ignore line: [GNU C++14 (Linaro GCC 7.4-2019.02) version 7.4.1 20181213 [linaro-7.4-2019.02 revision 56ec6f6b99cc167ff0c2f8e1a2eed33b1edc85d4] (aarch64-linux-gnu)]
  ignore line: [	compiled by GNU C version 4.8.4  GMP version 6.1.2  MPFR version 3.1.5  MPC version 1.0.3  isl version none]
  ignore line: [GGC heuristics: --param ggc-min-expand=100 --param ggc-min-heapsize=131072]
  ignore line: [Compiler executable checksum: 5bc4618e0c2d849baa077d33db030361]
  ignore line: [COLLECT_GCC_OPTIONS='-v' '-o' 'CMakeFiles/cmTC_3b7cc.dir/CMakeCXXCompilerABI.cpp.o' '-c' '-shared-libgcc' '-march=armv8-a' '-mlittle-endian' '-mabi=lp64']
  ignore line: [ /opt/EmbedSky/gcc-linaro-7.4.1-2019.02-x86_64_aarch64-linux-gnu/bin/../lib/gcc/aarch64-linux-gnu/7.4.1/../../../../aarch64-linux-gnu/bin/as -v -EL -march=armv8-a -mabi=lp64 -o CMakeFiles/cmTC_3b7cc.dir/CMakeCXXCompilerABI.cpp.o /tmp/cc634X2T.s]
  ignore line: [GNU assembler version 2.28.2 (aarch64-linux-gnu) using BFD version (Linaro_Binutils-2019.02) 2.28.2.20170706]
  ignore line: [COMPILER_PATH=/opt/EmbedSky/gcc-linaro-7.4.1-2019.02-x86_64_aarch64-linux-gnu/bin/../libexec/gcc/aarch64-linux-gnu/7.4.1/:/opt/EmbedSky/gcc-linaro-7.4.1-2019.02-x86_64_aarch64-linux-gnu/bin/../libexec/gcc/aarch64-linux-gnu/:/opt/EmbedSky/gcc-linaro-7.4.1-2019.02-x86_64_aarch64-linux-gnu/bin/../libexec/gcc/:/opt/EmbedSky/gcc-linaro-7.4.1-2019.02-x86_64_aarch64-linux-gnu/bin/../lib/gcc/aarch64-linux-gnu/7.4.1/../../../../aarch64-linux-gnu/bin/]
  ignore line: [LIBRARY_PATH=/opt/EmbedSky/gcc-linaro-7.4.1-2019.02-x86_64_aarch64-linux-gnu/bin/../lib/gcc/aarch64-linux-gnu/7.4.1/:/opt/EmbedSky/gcc-linaro-7.4.1-2019.02-x86_64_aarch64-linux-gnu/bin/../lib/gcc/aarch64-linux-gnu/:/opt/EmbedSky/gcc-linaro-7.4.1-2019.02-x86_64_aarch64-linux-gnu/bin/../lib/gcc/:/opt/EmbedSky/gcc-linaro-7.4.1-2019.02-x86_64_aarch64-linux-gnu/bin/../lib/gcc/aarch64-linux-gnu/7.4.1/../../../../aarch64-linux-gnu/lib/../lib64/:/opt/EmbedSky/gcc-linaro-7.4.1-2019.02-x86_64_aarch64-linux-gnu/bin/../lib/gcc/aarch64-linux-gnu/7.4.1/../../../../aarch64-linux-gnu/lib/:/opt/EmbedSky/gcc-linaro-7.4.1-2019.02-x86_64_aarch64-linux-gnu/bin/../aarch64-linux-gnu/libc/lib/:/opt/EmbedSky/gcc-linaro-7.4.1-2019.02-x86_64_aarch64-linux-gnu/bin/../aarch64-linux-gnu/libc/usr/lib/]
  ignore line: [COLLECT_GCC_OPTIONS='-v' '-o' 'CMakeFiles/cmTC_3b7cc.dir/CMakeCXXCompilerABI.cpp.o' '-c' '-shared-libgcc' '-march=armv8-a' '-mlittle-endian' '-mabi=lp64']
  ignore line: [Linking CXX executable cmTC_3b7cc]
  ignore line: [/usr/bin/cmake -E cmake_link_script CMakeFiles/cmTC_3b7cc.dir/link.txt --verbose=1]
  ignore line: [/opt/EmbedSky/gcc-linaro-7.4.1-2019.02-x86_64_aarch64-linux-gnu/bin/aarch64-linux-gnu-g++  -v CMakeFiles/cmTC_3b7cc.dir/CMakeCXXCompilerABI.cpp.o -o cmTC_3b7cc ]
  ignore line: [Using built-in specs.]
  ignore line: [COLLECT_GCC=/opt/EmbedSky/gcc-linaro-7.4.1-2019.02-x86_64_aarch64-linux-gnu/bin/aarch64-linux-gnu-g++]
  ignore line: [COLLECT_LTO_WRAPPER=/opt/EmbedSky/gcc-linaro-7.4.1-2019.02-x86_64_aarch64-linux-gnu/bin/../libexec/gcc/aarch64-linux-gnu/7.4.1/lto-wrapper]
  ignore line: [Target: aarch64-linux-gnu]
  ignore line: [Configured with: '/home/tcwg-buildslave/workspace/tcwg-make-release_1/snapshots/gcc.git~linaro-7.4-2019.02/configure' SHELL=/bin/bash --with-mpc=/home/tcwg-buildslave/workspace/tcwg-make-release_1/_build/builds/destdir/x86_64-unknown-linux-gnu --with-mpfr=/home/tcwg-buildslave/workspace/tcwg-make-release_1/_build/builds/destdir/x86_64-unknown-linux-gnu --with-gmp=/home/tcwg-buildslave/workspace/tcwg-make-release_1/_build/builds/destdir/x86_64-unknown-linux-gnu --with-gnu-as --with-gnu-ld --disable-libmudflap --enable-lto --enable-shared --without-included-gettext --enable-nls --with-system-zlib --disable-sjlj-exceptions --enable-gnu-unique-object --enable-linker-build-id --disable-libstdcxx-pch --enable-c99 --enable-clocale=gnu --enable-libstdcxx-debug --enable-long-long --with-cloog=no --with-ppl=no --with-isl=no --disable-multilib --enable-fix-cortex-a53-835769 --enable-fix-cortex-a53-843419 --with-arch=armv8-a --enable-threads=posix --enable-multiarch --enable-libstdcxx-time=yes --enable-gnu-indirect-function --with-build-sysroot=/home/tcwg-buildslave/workspace/tcwg-make-release_1/_build/sysroots/aarch64-linux-gnu --with-sysroot=/home/tcwg-buildslave/workspace/tcwg-make-release_1/_build/builds/destdir/x86_64-unknown-linux-gnu/aarch64-linux-gnu/libc --enable-checking=release --disable-bootstrap --enable-languages=c,c++,fortran,lto --build=x86_64-unknown-linux-gnu --host=x86_64-unknown-linux-gnu --target=aarch64-linux-gnu --prefix=/home/tcwg-buildslave/workspace/tcwg-make-release_1/_build/builds/destdir/x86_64-unknown-linux-gnu]
  ignore line: [Thread model: posix]
  ignore line: [gcc version 7.4.1 20181213 [linaro-7.4-2019.02 revision 56ec6f6b99cc167ff0c2f8e1a2eed33b1edc85d4] (Linaro GCC 7.4-2019.02) ]
  ignore line: [COMPILER_PATH=/opt/EmbedSky/gcc-linaro-7.4.1-2019.02-x86_64_aarch64-linux-gnu/bin/../libexec/gcc/aarch64-linux-gnu/7.4.1/:/opt/EmbedSky/gcc-linaro-7.4.1-2019.02-x86_64_aarch64-linux-gnu/bin/../libexec/gcc/aarch64-linux-gnu/:/opt/EmbedSky/gcc-linaro-7.4.1-2019.02-x86_64_aarch64-linux-gnu/bin/../libexec/gcc/:/opt/EmbedSky/gcc-linaro-7.4.1-2019.02-x86_64_aarch64-linux-gnu/bin/../lib/gcc/aarch64-linux-gnu/7.4.1/../../../../aarch64-linux-gnu/bin/]
  ignore line: [LIBRARY_PATH=/opt/EmbedSky/gcc-linaro-7.4.1-2019.02-x86_64_aarch64-linux-gnu/bin/../lib/gcc/aarch64-linux-gnu/7.4.1/:/opt/EmbedSky/gcc-linaro-7.4.1-2019.02-x86_64_aarch64-linux-gnu/bin/../lib/gcc/aarch64-linux-gnu/:/opt/EmbedSky/gcc-linaro-7.4.1-2019.02-x86_64_aarch64-linux-gnu/bin/../lib/gcc/:/opt/EmbedSky/gcc-linaro-7.4.1-2019.02-x86_64_aarch64-linux-gnu/bin/../lib/gcc/aarch64-linux-gnu/7.4.1/../../../../aarch64-linux-gnu/lib/../lib64/:/opt/EmbedSky/gcc-linaro-7.4.1-2019.02-x86_64_aarch64-linux-gnu/bin/../lib/gcc/aarch64-linux-gnu/7.4.1/../../../../aarch64-linux-gnu/lib/:/opt/EmbedSky/gcc-linaro-7.4.1-2019.02-x86_64_aarch64-linux-gnu/bin/../aarch64-linux-gnu/libc/lib/:/opt/EmbedSky/gcc-linaro-7.4.1-2019.02-x86_64_aarch64-linux-gnu/bin/../aarch64-linux-gnu/libc/usr/lib/]
  ignore line: [COLLECT_GCC_OPTIONS='-v' '-o' 'cmTC_3b7cc' '-shared-libgcc' '-march=armv8-a' '-mlittle-endian' '-mabi=lp64']
  link line: [ /opt/EmbedSky/gcc-linaro-7.4.1-2019.02-x86_64_aarch64-linux-gnu/bin/../libexec/gcc/aarch64-linux-gnu/7.4.1/collect2 -plugin /opt/EmbedSky/gcc-linaro-7.4.1-2019.02-x86_64_aarch64-linux-gnu/bin/../libexec/gcc/aarch64-linux-gnu/7.4.1/liblto_plugin.so -plugin-opt=/opt/EmbedSky/gcc-linaro-7.4.1-2019.02-x86_64_aarch64-linux-gnu/bin/../libexec/gcc/aarch64-linux-gnu/7.4.1/lto-wrapper -plugin-opt=-fresolution=/tmp/ccos5C3z.res -plugin-opt=-pass-through=-lgcc_s -plugin-opt=-pass-through=-lgcc -plugin-opt=-pass-through=-lc -plugin-opt=-pass-through=-lgcc_s -plugin-opt=-pass-through=-lgcc --sysroot=/opt/EmbedSky/gcc-linaro-7.4.1-2019.02-x86_64_aarch64-linux-gnu/bin/../aarch64-linux-gnu/libc --build-id --eh-frame-hdr -dynamic-linker /lib/ld-linux-aarch64.so.1 -X -EL -maarch64linux --fix-cortex-a53-835769 --fix-cortex-a53-843419 -o cmTC_3b7cc /opt/EmbedSky/gcc-linaro-7.4.1-2019.02-x86_64_aarch64-linux-gnu/bin/../aarch64-linux-gnu/libc/usr/lib/crt1.o /opt/EmbedSky/gcc-linaro-7.4.1-2019.02-x86_64_aarch64-linux-gnu/bin/../aarch64-linux-gnu/libc/usr/lib/crti.o /opt/EmbedSky/gcc-linaro-7.4.1-2019.02-x86_64_aarch64-linux-gnu/bin/../lib/gcc/aarch64-linux-gnu/7.4.1/crtbegin.o -L/opt/EmbedSky/gcc-linaro-7.4.1-2019.02-x86_64_aarch64-linux-gnu/bin/../lib/gcc/aarch64-linux-gnu/7.4.1 -L/opt/EmbedSky/gcc-linaro-7.4.1-2019.02-x86_64_aarch64-linux-gnu/bin/../lib/gcc/aarch64-linux-gnu -L/opt/EmbedSky/gcc-linaro-7.4.1-2019.02-x86_64_aarch64-linux-gnu/bin/../lib/gcc -L/opt/EmbedSky/gcc-linaro-7.4.1-2019.02-x86_64_aarch64-linux-gnu/bin/../lib/gcc/aarch64-linux-gnu/7.4.1/../../../../aarch64-linux-gnu/lib/../lib64 -L/opt/EmbedSky/gcc-linaro-7.4.1-2019.02-x86_64_aarch64-linux-gnu/bin/../lib/gcc/aarch64-linux-gnu/7.4.1/../../../../aarch64-linux-gnu/lib -L/opt/EmbedSky/gcc-linaro-7.4.1-2019.02-x86_64_aarch64-linux-gnu/bin/../aarch64-linux-gnu/libc/lib -L/opt/EmbedSky/gcc-linaro-7.4.1-2019.02-x86_64_aarch64-linux-gnu/bin/../aarch64-linux-gnu/libc/usr/lib CMakeFiles/cmTC_3b7cc.dir/CMakeCXXCompilerABI.cpp.o -lstdc++ -lm -lgcc_s -lgcc -lc -lgcc_s -lgcc /opt/EmbedSky/gcc-linaro-7.4.1-2019.02-x86_64_aarch64-linux-gnu/bin/../lib/gcc/aarch64-linux-gnu/7.4.1/crtend.o /opt/EmbedSky/gcc-linaro-7.4.1-2019.02-x86_64_aarch64-linux-gnu/bin/../aarch64-linux-gnu/libc/usr/lib/crtn.o]
    arg [/opt/EmbedSky/gcc-linaro-7.4.1-2019.02-x86_64_aarch64-linux-gnu/bin/../libexec/gcc/aarch64-linux-gnu/7.4.1/collect2] ==> ignore
    arg [-plugin] ==> ignore
    arg [/opt/EmbedSky/gcc-linaro-7.4.1-2019.02-x86_64_aarch64-linux-gnu/bin/../libexec/gcc/aarch64-linux-gnu/7.4.1/liblto_plugin.so] ==> ignore
    arg [-plugin-opt=/opt/EmbedSky/gcc-linaro-7.4.1-2019.02-x86_64_aarch64-linux-gnu/bin/../libexec/gcc/aarch64-linux-gnu/7.4.1/lto-wrapper] ==> ignore
    arg [-plugin-opt=-fresolution=/tmp/ccos5C3z.res] ==> ignore
    arg [-plugin-opt=-pass-through=-lgcc_s] ==> ignore
    arg [-plugin-opt=-pass-through=-lgcc] ==> ignore
    arg [-plugin-opt=-pass-through=-lc] ==> ignore
    arg [-plugin-opt=-pass-through=-lgcc_s] ==> ignore
    arg [-plugin-opt=-pass-through=-lgcc] ==> ignore
    arg [--sysroot=/opt/EmbedSky/gcc-linaro-7.4.1-2019.02-x86_64_aarch64-linux-gnu/bin/../aarch64-linux-gnu/libc] ==> ignore
    arg [--build-id] ==> ignore
    arg [--eh-frame-hdr] ==> ignore
    arg [-dynamic-linker] ==> ignore
    arg [/lib/ld-linux-aarch64.so.1] ==> ignore
    arg [-X] ==> ignore
    arg [-EL] ==> ignore
    arg [-maarch64linux] ==> ignore
    arg [--fix-cortex-a53-835769] ==> ignore
    arg [--fix-cortex-a53-843419] ==> ignore
    arg [-o] ==> ignore
    arg [cmTC_3b7cc] ==> ignore
    arg [/opt/EmbedSky/gcc-linaro-7.4.1-2019.02-x86_64_aarch64-linux-gnu/bin/../aarch64-linux-gnu/libc/usr/lib/crt1.o] ==> obj [/opt/EmbedSky/gcc-linaro-7.4.1-2019.02-x86_64_aarch64-linux-gnu/bin/../aarch64-linux-gnu/libc/usr/lib/crt1.o]
    arg [/opt/EmbedSky/gcc-linaro-7.4.1-2019.02-x86_64_aarch64-linux-gnu/bin/../aarch64-linux-gnu/libc/usr/lib/crti.o] ==> obj [/opt/EmbedSky/gcc-linaro-7.4.1-2019.02-x86_64_aarch64-linux-gnu/bin/../aarch64-linux-gnu/libc/usr/lib/crti.o]
    arg [/opt/EmbedSky/gcc-linaro-7.4.1-2019.02-x86_64_aarch64-linux-gnu/bin/../lib/gcc/aarch64-linux-gnu/7.4.1/crtbegin.o] ==> obj [/opt/EmbedSky/gcc-linaro-7.4.1-2019.02-x86_64_aarch64-linux-gnu/bin/../lib/gcc/aarch64-linux-gnu/7.4.1/crtbegin.o]
    arg [-L/opt/EmbedSky/gcc-linaro-7.4.1-2019.02-x86_64_aarch64-linux-gnu/bin/../lib/gcc/aarch64-linux-gnu/7.4.1] ==> dir [/opt/EmbedSky/gcc-linaro-7.4.1-2019.02-x86_64_aarch64-linux-gnu/bin/../lib/gcc/aarch64-linux-gnu/7.4.1]
    arg [-L/opt/EmbedSky/gcc-linaro-7.4.1-2019.02-x86_64_aarch64-linux-gnu/bin/../lib/gcc/aarch64-linux-gnu] ==> dir [/opt/EmbedSky/gcc-linaro-7.4.1-2019.02-x86_64_aarch64-linux-gnu/bin/../lib/gcc/aarch64-linux-gnu]
    arg [-L/opt/EmbedSky/gcc-linaro-7.4.1-2019.02-x86_64_aarch64-linux-gnu/bin/../lib/gcc] ==> dir [/opt/EmbedSky/gcc-linaro-7.4.1-2019.02-x86_64_aarch64-linux-gnu/bin/../lib/gcc]
    arg [-L/opt/EmbedSky/gcc-linaro-7.4.1-2019.02-x86_64_aarch64-linux-gnu/bin/../lib/gcc/aarch64-linux-gnu/7.4.1/../../../../aarch64-linux-gnu/lib/../lib64] ==> dir [/opt/EmbedSky/gcc-linaro-7.4.1-2019.02-x86_64_aarch64-linux-gnu/bin/../lib/gcc/aarch64-linux-gnu/7.4.1/../../../../aarch64-linux-gnu/lib/../lib64]
    arg [-L/opt/EmbedSky/gcc-linaro-7.4.1-2019.02-x86_64_aarch64-linux-gnu/bin/../lib/gcc/aarch64-linux-gnu/7.4.1/../../../../aarch64-linux-gnu/lib] ==> dir [/opt/EmbedSky/gcc-linaro-7.4.1-2019.02-x86_64_aarch64-linux-gnu/bin/../lib/gcc/aarch64-linux-gnu/7.4.1/../../../../aarch64-linux-gnu/lib]
    arg [-L/opt/EmbedSky/gcc-linaro-7.4.1-2019.02-x86_64_aarch64-linux-gnu/bin/../aarch64-linux-gnu/libc/lib] ==> dir [/opt/EmbedSky/gcc-linaro-7.4.1-2019.02-x86_64_aarch64-linux-gnu/bin/../aarch64-linux-gnu/libc/lib]
    arg [-L/opt/EmbedSky/gcc-linaro-7.4.1-2019.02-x86_64_aarch64-linux-gnu/bin/../aarch64-linux-gnu/libc/usr/lib] ==> dir [/opt/EmbedSky/gcc-linaro-7.4.1-2019.02-x86_64_aarch64-linux-gnu/bin/../aarch64-linux-gnu/libc/usr/lib]
    arg [CMakeFiles/cmTC_3b7cc.dir/CMakeCXXCompilerABI.cpp.o] ==> ignore
    arg [-lstdc++] ==> lib [stdc++]
    arg [-lm] ==> lib [m]
    arg [-lgcc_s] ==> lib [gcc_s]
    arg [-lgcc] ==> lib [gcc]
    arg [-lc] ==> lib [c]
    arg [-lgcc_s] ==> lib [gcc_s]
    arg [-lgcc] ==> lib [gcc]
    arg [/opt/EmbedSky/gcc-linaro-7.4.1-2019.02-x86_64_aarch64-linux-gnu/bin/../lib/gcc/aarch64-linux-gnu/7.4.1/crtend.o] ==> obj [/opt/EmbedSky/gcc-linaro-7.4.1-2019.02-x86_64_aarch64-linux-gnu/bin/../lib/gcc/aarch64-linux-gnu/7.4.1/crtend.o]
    arg [/opt/EmbedSky/gcc-linaro-7.4.1-2019.02-x86_64_aarch64-linux-gnu/bin/../aarch64-linux-gnu/libc/usr/lib/crtn.o] ==> obj [/opt/EmbedSky/gcc-linaro-7.4.1-2019.02-x86_64_aarch64-linux-gnu/bin/../aarch64-linux-gnu/libc/usr/lib/crtn.o]
  collapse obj [/opt/EmbedSky/gcc-linaro-7.4.1-2019.02-x86_64_aarch64-linux-gnu/bin/../aarch64-linux-gnu/libc/usr/lib/crt1.o] ==> [/opt/EmbedSky/gcc-linaro-7.4.1-2019.02-x86_64_aarch64-linux-gnu/aarch64-linux-gnu/libc/usr/lib/crt1.o]
  collapse obj [/opt/EmbedSky/gcc-linaro-7.4.1-2019.02-x86_64_aarch64-linux-gnu/bin/../aarch64-linux-gnu/libc/usr/lib/crti.o] ==> [/opt/EmbedSky/gcc-linaro-7.4.1-2019.02-x86_64_aarch64-linux-gnu/aarch64-linux-gnu/libc/usr/lib/crti.o]
  collapse obj [/opt/EmbedSky/gcc-linaro-7.4.1-2019.02-x86_64_aarch64-linux-gnu/bin/../lib/gcc/aarch64-linux-gnu/7.4.1/crtbegin.o] ==> [/opt/EmbedSky/gcc-linaro-7.4.1-2019.02-x86_64_aarch64-linux-gnu/lib/gcc/aarch64-linux-gnu/7.4.1/crtbegin.o]
  collapse obj [/opt/EmbedSky/gcc-linaro-7.4.1-2019.02-x86_64_aarch64-linux-gnu/bin/../lib/gcc/aarch64-linux-gnu/7.4.1/crtend.o] ==> [/opt/EmbedSky/gcc-linaro-7.4.1-2019.02-x86_64_aarch64-linux-gnu/lib/gcc/aarch64-linux-gnu/7.4.1/crtend.o]
  collapse obj [/opt/EmbedSky/gcc-linaro-7.4.1-2019.02-x86_64_aarch64-linux-gnu/bin/../aarch64-linux-gnu/libc/usr/lib/crtn.o] ==> [/opt/EmbedSky/gcc-linaro-7.4.1-2019.02-x86_64_aarch64-linux-gnu/aarch64-linux-gnu/libc/usr/lib/crtn.o]
  collapse library dir [/opt/EmbedSky/gcc-linaro-7.4.1-2019.02-x86_64_aarch64-linux-gnu/bin/../lib/gcc/aarch64-linux-gnu/7.4.1] ==> [/opt/EmbedSky/gcc-linaro-7.4.1-2019.02-x86_64_aarch64-linux-gnu/lib/gcc/aarch64-linux-gnu/7.4.1]
  collapse library dir [/opt/EmbedSky/gcc-linaro-7.4.1-2019.02-x86_64_aarch64-linux-gnu/bin/../lib/gcc/aarch64-linux-gnu] ==> [/opt/EmbedSky/gcc-linaro-7.4.1-2019.02-x86_64_aarch64-linux-gnu/lib/gcc/aarch64-linux-gnu]
  collapse library dir [/opt/EmbedSky/gcc-linaro-7.4.1-2019.02-x86_64_aarch64-linux-gnu/bin/../lib/gcc] ==> [/opt/EmbedSky/gcc-linaro-7.4.1-2019.02-x86_64_aarch64-linux-gnu/lib/gcc]
  collapse library dir [/opt/EmbedSky/gcc-linaro-7.4.1-2019.02-x86_64_aarch64-linux-gnu/bin/../lib/gcc/aarch64-linux-gnu/7.4.1/../../../../aarch64-linux-gnu/lib/../lib64] ==> [/opt/EmbedSky/gcc-linaro-7.4.1-2019.02-x86_64_aarch64-linux-gnu/aarch64-linux-gnu/lib64]
  collapse library dir [/opt/EmbedSky/gcc-linaro-7.4.1-2019.02-x86_64_aarch64-linux-gnu/bin/../lib/gcc/aarch64-linux-gnu/7.4.1/../../../../aarch64-linux-gnu/lib] ==> [/opt/EmbedSky/gcc-linaro-7.4.1-2019.02-x86_64_aarch64-linux-gnu/aarch64-linux-gnu/lib]
  collapse library dir [/opt/EmbedSky/gcc-linaro-7.4.1-2019.02-x86_64_aarch64-linux-gnu/bin/../aarch64-linux-gnu/libc/lib] ==> [/opt/EmbedSky/gcc-linaro-7.4.1-2019.02-x86_64_aarch64-linux-gnu/aarch64-linux-gnu/libc/lib]
  collapse library dir [/opt/EmbedSky/gcc-linaro-7.4.1-2019.02-x86_64_aarch64-linux-gnu/bin/../aarch64-linux-gnu/libc/usr/lib] ==> [/opt/EmbedSky/gcc-linaro-7.4.1-2019.02-x86_64_aarch64-linux-gnu/aarch64-linux-gnu/libc/usr/lib]
  implicit libs: [stdc++;m;gcc_s;gcc;c;gcc_s;gcc]
  implicit objs: [/opt/EmbedSky/gcc-linaro-7.4.1-2019.02-x86_64_aarch64-linux-gnu/aarch64-linux-gnu/libc/usr/lib/crt1.o;/opt/EmbedSky/gcc-linaro-7.4.1-2019.02-x86_64_aarch64-linux-gnu/aarch64-linux-gnu/libc/usr/lib/crti.o;/opt/EmbedSky/gcc-linaro-7.4.1-2019.02-x86_64_aarch64-linux-gnu/lib/gcc/aarch64-linux-gnu/7.4.1/crtbegin.o;/opt/EmbedSky/gcc-linaro-7.4.1-2019.02-x86_64_aarch64-linux-gnu/lib/gcc/aarch64-linux-gnu/7.4.1/crtend.o;/opt/EmbedSky/gcc-linaro-7.4.1-2019.02-x86_64_aarch64-linux-gnu/aarch64-linux-gnu/libc/usr/lib/crtn.o]
  implicit dirs: [/opt/EmbedSky/gcc-linaro-7.4.1-2019.02-x86_64_aarch64-linux-gnu/lib/gcc/aarch64-linux-gnu/7.4.1;/opt/EmbedSky/gcc-linaro-7.4.1-2019.02-x86_64_aarch64-linux-gnu/lib/gcc/aarch64-linux-gnu;/opt/EmbedSky/gcc-linaro-7.4.1-2019.02-x86_64_aarch64-linux-gnu/lib/gcc;/opt/EmbedSky/gcc-linaro-7.4.1-2019.02-x86_64_aarch64-linux-gnu/aarch64-linux-gnu/lib64;/opt/EmbedSky/gcc-linaro-7.4.1-2019.02-x86_64_aarch64-linux-gnu/aarch64-linux-gnu/lib;/opt/EmbedSky/gcc-linaro-7.4.1-2019.02-x86_64_aarch64-linux-gnu/aarch64-linux-gnu/libc/lib;/opt/EmbedSky/gcc-linaro-7.4.1-2019.02-x86_64_aarch64-linux-gnu/aarch64-linux-gnu/libc/usr/lib]
  implicit fwks: []


